<?xml version="1.0" encoding="UTF-8"?>
<!-- Generated by org.testng.reporters.JUnitXMLReporter -->
<testsuite ignored="0" hostname="Debasis-Laptop" failures="0" tests="2" name="LoginTest" time="12.784" errors="0" timestamp="2021-03-02T13:14:46 BDT">
  <testcase classname="com.demoTest.seleniumDemoMavenTest.Test.LoginTest" name="hometitleverify" time="7.225"/>
  <testcase classname="com.demoTest.seleniumDemoMavenTest.Test.LoginTest" name="logintest" time="5.516"/>
</testsuite> <!-- LoginTest -->
