<?xml version="1.0" encoding="UTF-8"?>
<testng-results ignored="0" total="3" passed="3" failed="0" skipped="0">
  <reporter-output>
  </reporter-output>
  <suite started-at="2021-03-02T13:14:33 BDT" name="seleniumDemoMavenTest" finished-at="2021-03-02T13:14:48 BDT" duration-ms="14906">
    <groups>
    </groups>
    <test started-at="2021-03-02T13:14:33 BDT" name="LoginTest" finished-at="2021-03-02T13:14:46 BDT" duration-ms="12784">
      <class name="com.demoTest.seleniumDemoMavenTest.Test.LoginTest">
        <test-method signature="hometitleverify()[pri:0, instance:com.demoTest.seleniumDemoMavenTest.Test.LoginTest@32910148]" started-at="2021-03-02T13:14:33 BDT" name="hometitleverify" finished-at="2021-03-02T13:14:40 BDT" duration-ms="7225" status="PASS">
          <reporter-output>
          </reporter-output>
        </test-method> <!-- hometitleverify -->
        <test-method signature="logintest()[pri:0, instance:com.demoTest.seleniumDemoMavenTest.Test.LoginTest@32910148]" started-at="2021-03-02T13:14:40 BDT" name="logintest" finished-at="2021-03-02T13:14:46 BDT" depends-on-methods="com.demoTest.seleniumDemoMavenTest.Test.LoginTest.hometitleverify" duration-ms="5516" status="PASS">
          <reporter-output>
          </reporter-output>
        </test-method> <!-- logintest -->
      </class> <!-- com.demoTest.seleniumDemoMavenTest.Test.LoginTest -->
    </test> <!-- LoginTest -->
    <test started-at="2021-03-02T13:14:46 BDT" name="assignleaveTest" finished-at="2021-03-02T13:14:48 BDT" duration-ms="2011">
      <class name="com.demoTest.seleniumDemoMavenTest.Test.AssignLeaveTest">
        <test-method signature="assignleavetest()[pri:0, instance:com.demoTest.seleniumDemoMavenTest.Test.AssignLeaveTest@6f27a732]" started-at="2021-03-02T13:14:46 BDT" name="assignleavetest" finished-at="2021-03-02T13:14:48 BDT" duration-ms="2009" status="PASS">
          <reporter-output>
          </reporter-output>
        </test-method> <!-- assignleavetest -->
      </class> <!-- com.demoTest.seleniumDemoMavenTest.Test.AssignLeaveTest -->
    </test> <!-- assignleaveTest -->
  </suite> <!-- seleniumDemoMavenTest -->
</testng-results>
